2024-11-17T11:45:13.350+01:00  INFO 6340 --- [todolist] [main] c.s.itacademy.ToDoListApplication        : Starting ToDoListApplication using Java 21.0.5 with PID 6340 (C:\OM-103-Andrii-Kosteniuk\jom-hibernate-part-2-m20_s12_team_1_03-main\todolist\target\classes started by Dell in C:\OM-103-Andrii-Kosteniuk\jom-hibernate-part-2-m20_s12_team_1_03-main)
2024-11-17T11:45:13.355+01:00  INFO 6340 --- [todolist] [main] c.s.itacademy.ToDoListApplication        : No active profile set, falling back to 1 default profile: "default"
2024-11-17T11:45:14.798+01:00  INFO 6340 --- [todolist] [main] .s.d.r.c.RepositoryConfigurationDelegate : Bootstrapping Spring Data JPA repositories in DEFAULT mode.
2024-11-17T11:45:14.958+01:00  INFO 6340 --- [todolist] [main] .s.d.r.c.RepositoryConfigurationDelegate : Finished Spring Data repository scanning in 141 ms. Found 4 JPA repository interfaces.
2024-11-17T11:45:16.108+01:00  INFO 6340 --- [todolist] [main] o.s.b.w.embedded.tomcat.TomcatWebServer  : Tomcat initialized with port 8083 (http)
2024-11-17T11:45:16.142+01:00  INFO 6340 --- [todolist] [main] o.apache.catalina.core.StandardService   : Starting service [Tomcat]
2024-11-17T11:45:16.142+01:00  INFO 6340 --- [todolist] [main] o.apache.catalina.core.StandardEngine    : Starting Servlet engine: [Apache Tomcat/10.1.28]
2024-11-17T11:45:16.273+01:00  INFO 6340 --- [todolist] [main] o.a.c.c.C.[Tomcat].[localhost].[/]       : Initializing Spring embedded WebApplicationContext
2024-11-17T11:45:16.274+01:00  INFO 6340 --- [todolist] [main] w.s.c.ServletWebServerApplicationContext : Root WebApplicationContext: initialization completed in 2771 ms
2024-11-17T11:45:16.481+01:00  INFO 6340 --- [todolist] [main] com.zaxxer.hikari.HikariDataSource       : HikariPool-1 - Starting...
2024-11-17T11:45:16.723+01:00  INFO 6340 --- [todolist] [main] com.zaxxer.hikari.pool.HikariPool        : HikariPool-1 - Added connection org.postgresql.jdbc.PgConnection@2efd2f21
2024-11-17T11:45:16.727+01:00  INFO 6340 --- [todolist] [main] com.zaxxer.hikari.HikariDataSource       : HikariPool-1 - Start completed.
2024-11-17T11:45:16.881+01:00  INFO 6340 --- [todolist] [main] o.hibernate.jpa.internal.util.LogHelper  : HHH000204: Processing PersistenceUnitInfo [name: default]
2024-11-17T11:45:17.085+01:00  INFO 6340 --- [todolist] [main] org.hibernate.Version                    : HHH000412: Hibernate ORM core version 6.5.2.Final
2024-11-17T11:45:17.201+01:00  INFO 6340 --- [todolist] [main] o.h.c.internal.RegionFactoryInitiator    : HHH000026: Second-level cache disabled
2024-11-17T11:45:17.966+01:00  INFO 6340 --- [todolist] [main] o.s.o.j.p.SpringPersistenceUnitInfo      : No LoadTimeWeaver setup: ignoring JPA class transformer
2024-11-17T11:45:20.025+01:00  INFO 6340 --- [todolist] [main] o.h.e.t.j.p.i.JtaPlatformInitiator       : HHH000489: No JTA platform available (set 'hibernate.transaction.jta.platform' to enable JTA platform integration)
2024-11-17T11:45:20.064+01:00  WARN 6340 --- [todolist] [main] o.h.engine.jdbc.spi.SqlExceptionHelper   : SQL Warning Code: 0, SQLState: 00000
2024-11-17T11:45:20.064+01:00  WARN 6340 --- [todolist] [main] o.h.engine.jdbc.spi.SqlExceptionHelper   : relation "tasks" does not exist, skipping
2024-11-17T11:45:20.065+01:00  WARN 6340 --- [todolist] [main] o.h.engine.jdbc.spi.SqlExceptionHelper   : SQL Warning Code: 0, SQLState: 00000
2024-11-17T11:45:20.066+01:00  WARN 6340 --- [todolist] [main] o.h.engine.jdbc.spi.SqlExceptionHelper   : relation "tasks" does not exist, skipping
2024-11-17T11:45:20.067+01:00  WARN 6340 --- [todolist] [main] o.h.engine.jdbc.spi.SqlExceptionHelper   : SQL Warning Code: 0, SQLState: 00000
2024-11-17T11:45:20.068+01:00  WARN 6340 --- [todolist] [main] o.h.engine.jdbc.spi.SqlExceptionHelper   : relation "todo_collaborator" does not exist, skipping
2024-11-17T11:45:20.070+01:00  WARN 6340 --- [todolist] [main] o.h.engine.jdbc.spi.SqlExceptionHelper   : SQL Warning Code: 0, SQLState: 00000
2024-11-17T11:45:20.070+01:00  WARN 6340 --- [todolist] [main] o.h.engine.jdbc.spi.SqlExceptionHelper   : relation "todo_collaborator" does not exist, skipping
2024-11-17T11:45:20.072+01:00  WARN 6340 --- [todolist] [main] o.h.engine.jdbc.spi.SqlExceptionHelper   : SQL Warning Code: 0, SQLState: 00000
2024-11-17T11:45:20.072+01:00  WARN 6340 --- [todolist] [main] o.h.engine.jdbc.spi.SqlExceptionHelper   : relation "todos" does not exist, skipping
2024-11-17T11:45:20.075+01:00  WARN 6340 --- [todolist] [main] o.h.engine.jdbc.spi.SqlExceptionHelper   : SQL Warning Code: 0, SQLState: 00000
2024-11-17T11:45:20.075+01:00  WARN 6340 --- [todolist] [main] o.h.engine.jdbc.spi.SqlExceptionHelper   : table "states" does not exist, skipping
2024-11-17T11:45:20.076+01:00  WARN 6340 --- [todolist] [main] o.h.engine.jdbc.spi.SqlExceptionHelper   : SQL Warning Code: 0, SQLState: 00000
2024-11-17T11:45:20.076+01:00  WARN 6340 --- [todolist] [main] o.h.engine.jdbc.spi.SqlExceptionHelper   : table "tasks" does not exist, skipping
2024-11-17T11:45:20.077+01:00  WARN 6340 --- [todolist] [main] o.h.engine.jdbc.spi.SqlExceptionHelper   : SQL Warning Code: 0, SQLState: 00000
2024-11-17T11:45:20.079+01:00  WARN 6340 --- [todolist] [main] o.h.engine.jdbc.spi.SqlExceptionHelper   : table "todo_collaborator" does not exist, skipping
2024-11-17T11:45:20.081+01:00  WARN 6340 --- [todolist] [main] o.h.engine.jdbc.spi.SqlExceptionHelper   : SQL Warning Code: 0, SQLState: 00000
2024-11-17T11:45:20.081+01:00  WARN 6340 --- [todolist] [main] o.h.engine.jdbc.spi.SqlExceptionHelper   : table "todos" does not exist, skipping
2024-11-17T11:45:20.082+01:00  WARN 6340 --- [todolist] [main] o.h.engine.jdbc.spi.SqlExceptionHelper   : SQL Warning Code: 0, SQLState: 00000
2024-11-17T11:45:20.083+01:00  WARN 6340 --- [todolist] [main] o.h.engine.jdbc.spi.SqlExceptionHelper   : table "users" does not exist, skipping
2024-11-17T11:45:20.194+01:00  INFO 6340 --- [todolist] [main] j.LocalContainerEntityManagerFactoryBean : Initialized JPA EntityManagerFactory for persistence unit 'default'
2024-11-17T11:45:20.715+01:00  WARN 6340 --- [todolist] [main] JpaBaseConfiguration$JpaWebConfiguration : spring.jpa.open-in-view is enabled by default. Therefore, database queries may be performed during view rendering. Explicitly configure spring.jpa.open-in-view to disable this warning
2024-11-17T11:45:21.406+01:00  INFO 6340 --- [todolist] [main] o.s.b.w.embedded.tomcat.TomcatWebServer  : Tomcat started on port 8083 (http) with context path '/'
2024-11-17T11:45:21.421+01:00  INFO 6340 --- [todolist] [main] c.s.itacademy.ToDoListApplication        : Started ToDoListApplication in 9.072 seconds (process running for 13.827)
2024-11-17T12:18:56.644+01:00  INFO 6340 --- [todolist] [SpringApplicationShutdownHook] j.LocalContainerEntityManagerFactoryBean : Closing JPA EntityManagerFactory for persistence unit 'default'
2024-11-17T12:18:56.693+01:00  INFO 6340 --- [todolist] [SpringApplicationShutdownHook] com.zaxxer.hikari.HikariDataSource       : HikariPool-1 - Shutdown initiated...
2024-11-17T12:18:56.706+01:00  INFO 6340 --- [todolist] [SpringApplicationShutdownHook] com.zaxxer.hikari.HikariDataSource       : HikariPool-1 - Shutdown completed.
